<?xml version="1.0" encoding="UTF-8"?>
<!-- Generated by org.testng.reporters.JUnitXMLReporter -->
<testsuite hostname="tcw-07" ignored="0" name="Default test" tests="4" failures="0" timestamp="27 Oct 2017 05:07:13 GMT" time="42.16" errors="0">
  <testcase name="testElectronicsTitle" time="8.865" classname="com.snyder.test.smoke.TestLoginUS109"/>
  <testcase name="testTvAppliancesTitle" time="3.895" classname="com.snyder.test.smoke.TestLoginUS109"/>
  <testcase name="testFashoinTitle" time="4.428" classname="com.snyder.test.smoke.TestLoginUS109"/>
  <testcase name="testHomeFurnitureTitle" time="5.055" classname="com.snyder.test.smoke.TestLoginUS109"/>
</testsuite> <!-- Default test -->
