<?xml version="1.0" encoding="UTF-8"?>
<!-- Generated by org.testng.reporters.JUnitXMLReporter -->
<testsuite hostname="tcw-07" ignored="0" name="Test" tests="4" failures="0" timestamp="27 Oct 2017 05:15:47 GMT" time="40.386" errors="0">
  <testcase name="testElectronicsTitle" time="6.172" classname="com.snyder.test.smoke.TestLoginUS109"/>
  <testcase name="testTvAppliancesTitle" time="4.155" classname="com.snyder.test.smoke.TestLoginUS109"/>
  <testcase name="testFashoinTitle" time="3.245" classname="com.snyder.test.smoke.TestLoginUS109"/>
  <testcase name="testHomeFurnitureTitle" time="3.94" classname="com.snyder.test.smoke.TestLoginUS109"/>
</testsuite> <!-- Test -->
