<?xml version="1.0" encoding="UTF-8"?>
<testng-results skipped="0" failed="0" ignored="0" total="7" passed="7">
  <reporter-output>
  </reporter-output>
  <suite name="Suite" duration-ms="40885" started-at="2017-10-27T10:18:22Z" finished-at="2017-10-27T10:19:03Z">
    <groups>
    </groups>
    <test name="Test" duration-ms="40885" started-at="2017-10-27T10:18:22Z" finished-at="2017-10-27T10:19:03Z">
      <class name="com.snyder.test.regression.OfferZoneTest">
        <test-method status="PASS" signature="setUp()[pri:0, instance:com.snyder.test.regression.OfferZoneTest@64bfbc86]" name="setUp" is-config="true" duration-ms="18352" started-at="2017-10-27T15:48:22Z" finished-at="2017-10-27T15:48:40Z">
          <reporter-output>
          </reporter-output>
        </test-method> <!-- setUp -->
        <test-method status="PASS" signature="navigateFashionLifeStyleTabTest()[pri:1, instance:com.snyder.test.regression.OfferZoneTest@64bfbc86]" name="navigateFashionLifeStyleTabTest" duration-ms="3750" started-at="2017-10-27T15:48:40Z" finished-at="2017-10-27T15:48:44Z">
          <reporter-output>
          </reporter-output>
        </test-method> <!-- navigateFashionLifeStyleTabTest -->
        <test-method status="PASS" signature="navigateMobilesTabletsTabTest()[pri:2, instance:com.snyder.test.regression.OfferZoneTest@64bfbc86]" name="navigateMobilesTabletsTabTest" duration-ms="266" started-at="2017-10-27T15:48:44Z" finished-at="2017-10-27T15:48:45Z">
          <reporter-output>
          </reporter-output>
        </test-method> <!-- navigateMobilesTabletsTabTest -->
        <test-method status="PASS" signature="navigateElectronicsTabTest()[pri:3, instance:com.snyder.test.regression.OfferZoneTest@64bfbc86]" name="navigateElectronicsTabTest" duration-ms="2025" started-at="2017-10-27T15:48:45Z" finished-at="2017-10-27T15:48:47Z">
          <reporter-output>
          </reporter-output>
        </test-method> <!-- navigateElectronicsTabTest -->
        <test-method status="PASS" signature="navigateTvsAppliancesTabTest()[pri:4, instance:com.snyder.test.regression.OfferZoneTest@64bfbc86]" name="navigateTvsAppliancesTabTest" duration-ms="4317" started-at="2017-10-27T15:48:47Z" finished-at="2017-10-27T15:48:51Z">
          <reporter-output>
          </reporter-output>
        </test-method> <!-- navigateTvsAppliancesTabTest -->
        <test-method status="PASS" signature="navigateHomeFurnitureTabTest()[pri:5, instance:com.snyder.test.regression.OfferZoneTest@64bfbc86]" name="navigateHomeFurnitureTabTest" duration-ms="3894" started-at="2017-10-27T15:48:51Z" finished-at="2017-10-27T15:48:55Z">
          <reporter-output>
          </reporter-output>
        </test-method> <!-- navigateHomeFurnitureTabTest -->
        <test-method status="PASS" signature="navigateCarsBikesTest()[pri:6, instance:com.snyder.test.regression.OfferZoneTest@64bfbc86]" name="navigateCarsBikesTest" duration-ms="1014" started-at="2017-10-27T15:48:55Z" finished-at="2017-10-27T15:48:56Z">
          <reporter-output>
          </reporter-output>
        </test-method> <!-- navigateCarsBikesTest -->
        <test-method status="PASS" signature="navigateBooksStationeryTest()[pri:7, instance:com.snyder.test.regression.OfferZoneTest@64bfbc86]" name="navigateBooksStationeryTest" duration-ms="1684" started-at="2017-10-27T15:48:56Z" finished-at="2017-10-27T15:48:57Z">
          <reporter-output>
          </reporter-output>
        </test-method> <!-- navigateBooksStationeryTest -->
        <test-method status="PASS" signature="tearDown()[pri:0, instance:com.snyder.test.regression.OfferZoneTest@64bfbc86]" name="tearDown" is-config="true" duration-ms="5527" started-at="2017-10-27T15:48:57Z" finished-at="2017-10-27T15:49:03Z">
          <reporter-output>
          </reporter-output>
        </test-method> <!-- tearDown -->
      </class> <!-- com.snyder.test.regression.OfferZoneTest -->
    </test> <!-- Test -->
  </suite> <!-- Suite -->
</testng-results>
