<?xml version="1.0" encoding="UTF-8"?>
<testng-results skipped="0" failed="0" ignored="0" total="1" passed="1">
  <reporter-output>
  </reporter-output>
  <suite name="Default suite" duration-ms="44940" started-at="2017-10-21T17:05:04Z" finished-at="2017-10-21T17:05:49Z">
    <groups>
    </groups>
    <test name="Default test" duration-ms="44940" started-at="2017-10-21T17:05:04Z" finished-at="2017-10-21T17:05:49Z">
      <class name="com.snyder.test.smoke.TestLoginUS109">
        <test-method status="PASS" signature="setUp()[pri:0, instance:com.snyder.test.smoke.TestLoginUS109@5649fd9b]" name="setUp" is-config="true" duration-ms="11203" started-at="2017-10-21T22:35:04Z" finished-at="2017-10-21T22:35:15Z">
          <reporter-output>
          </reporter-output>
        </test-method> <!-- setUp -->
        <test-method status="PASS" signature="testLoginSuccess()[pri:0, instance:com.snyder.test.smoke.TestLoginUS109@5649fd9b]" name="testLoginSuccess" duration-ms="30921" started-at="2017-10-21T22:35:15Z" finished-at="2017-10-21T22:35:46Z">
          <reporter-output>
          </reporter-output>
        </test-method> <!-- testLoginSuccess -->
        <test-method status="PASS" signature="tearDown()[pri:0, instance:com.snyder.test.smoke.TestLoginUS109@5649fd9b]" name="tearDown" is-config="true" duration-ms="2761" started-at="2017-10-21T22:35:46Z" finished-at="2017-10-21T22:35:49Z">
          <reporter-output>
          </reporter-output>
        </test-method> <!-- tearDown -->
      </class> <!-- com.snyder.test.smoke.TestLoginUS109 -->
    </test> <!-- Default test -->
  </suite> <!-- Default suite -->
</testng-results>
